[2018-09-04 10:43:08]  "GET  route=index/logs HTTP/1.1" 404
Method logs does not exist
[2018-09-04 10:47:31]  "GET  route=index/logs HTTP/1.1" 404Method logs does not exist
[2018-09-04 11:09:33]  "GET  route=index/logs HTTP/1.1" 404 Method logs does not exist
[2018-09-04 12:31:27]  "GET  route=index/logs HTTP/1.1" 404 Method logs does not exist
[2018-09-04 12:35:18]  "GET  route=index/index_action HTTP/1.1" 404 View does not exist
[2018-09-04 12:35:28]  "GET  route=index/index_action HTTP/1.1" 404 View does not exist
[2018-09-04 12:35:32]  "GET  route=index/index_action HTTP/1.1" 404 View does not exist
[2018-09-04 12:35:41]  "GET  route=erros/403.html HTTP/1.1" 404 Class /home/jeanchagas/general/uniritter/tcc/applications/controllers/erros.php does not exist
[2018-09-04 12:35:53]  "GET  route=erros/403.html HTTP/1.1" 404 Class /home/jeanchagas/general/uniritter/tcc/applications/controllers/erros.php does not exist
[2018-09-04 12:36:33]  "GET  route=erros/403.html HTTP/1.1" 404 Class /home/jeanchagas/general/uniritter/tcc/applications/controllers/erros.php does not exist
[2018-09-04 12:36:52]  "GET  route=erros/403.html HTTP/1.1" 404 Class /home/jeanchagas/general/uniritter/tcc/applications/controllers/erros.php does not exist
[2018-09-04 12:36:54]  "GET  route=erros/403.html HTTP/1.1" 404 Class /home/jeanchagas/general/uniritter/tcc/applications/controllers/erros.php does not exist
[2018-09-04 12:36:56]  "GET  route=erros/403.html HTTP/1.1" 404 Class /home/jeanchagas/general/uniritter/tcc/applications/controllers/erros.php does not exist
[2018-09-04 12:36:56]  "GET  route=erros/403.html HTTP/1.1" 404 Class /home/jeanchagas/general/uniritter/tcc/applications/controllers/erros.php does not exist
[2018-09-04 12:36:56]  "GET  route=erros/403.html HTTP/1.1" 404 Class /home/jeanchagas/general/uniritter/tcc/applications/controllers/erros.php does not exist
[2018-09-04 12:36:56]  "GET  route=erros/403.html HTTP/1.1" 404 Class /home/jeanchagas/general/uniritter/tcc/applications/controllers/erros.php does not exist
[2018-09-04 12:36:56]  "GET  route=erros/403.html HTTP/1.1" 404 Class /home/jeanchagas/general/uniritter/tcc/applications/controllers/erros.php does not exist
[2018-09-04 12:36:57]  "GET  route=erros/403.html HTTP/1.1" 404 Class /home/jeanchagas/general/uniritter/tcc/applications/controllers/erros.php does not exist
[2018-09-04 12:36:57]  "GET  route=erros/403.html HTTP/1.1" 404 Class /home/jeanchagas/general/uniritter/tcc/applications/controllers/erros.php does not exist
[2018-09-04 12:37:00]  "GET  route=index/index_action HTTP/1.1" 404 View does not exist
[2018-09-04 12:37:12]  "GET  route=erros/403.html HTTP/1.1" 404 Class /home/jeanchagas/general/uniritter/tcc/applications/controllers/erros.php does not exist
[2018-09-04 12:37:52]  "GET  route=index/index_action HTTP/1.1" 404 View does not exist
[2018-09-04 12:37:55]  "GET  route=index/index_action HTTP/1.1" 404 View does not exist
[2018-09-04 12:37:56]  "GET  route=index/index_action HTTP/1.1" 404 View does not exist
[2018-09-04 12:40:51]  "GET  route=index/ HTTP/1.1" 404 View does not exist
[2018-09-04 12:40:55]  "GET  route=index/index HTTP/1.1" 404 View does not exist
[2018-09-04 12:42:47]  "GET  route=index/index HTTP/1.1" 404 View does not exist
[2018-09-04 12:45:32]  "GET  route=404 HTTP/1.1" 404 Class /home/jeanchagas/general/uniritter/tcc/applications/controllers/404.php does not exist
[2018-09-04 12:46:12]  "GET  route=403 HTTP/1.1" 403 Class /home/jeanchagas/general/uniritter/tcc/applications/controllers/403.php does not exist
[2018-09-04 12:46:19]  "GET  route=403 HTTP/1.1" 403 Class /home/jeanchagas/general/uniritter/tcc/applications/controllers/403.php does not exist
[2018-09-04 12:49:05]  "GET  route=403 HTTP/1.1" 403 Class /home/jeanchagas/general/uniritter/tcc/applications/controllers/403.php does not exist
[2018-09-04 12:49:12]  "GET  route=500 HTTP/1.1" 403 Class /home/jeanchagas/general/uniritter/tcc/applications/controllers/500.php does not exist
[2018-09-04 12:49:27]  "GET  route=500 HTTP/1.1" 500 Class /home/jeanchagas/general/uniritter/tcc/applications/controllers/500.php does not exist
[2018-09-04 12:49:32]  "GET  route=400 HTTP/1.1" 500 Class /home/jeanchagas/general/uniritter/tcc/applications/controllers/400.php does not exist
[2018-09-04 12:49:37]  "GET  route=400 HTTP/1.1" 400 Class /home/jeanchagas/general/uniritter/tcc/applications/controllers/400.php does not exist
[2018-09-04 12:51:23]  "GET  route=400 HTTP/1.1" 404 Class /home/jeanchagas/general/uniritter/tcc/applications/controllers/400.php does not exist
[2018-09-04 13:48:44]  "GET  route=resources/assets/img/hostweb.png HTTP/1.1" 404 Class /home/jeanchagas/general/uniritter/tcc/applications/controllers/resources.php does not exist
[2018-09-04 13:48:56]  "GET  route=resources/assets/img/hostweb.png HTTP/1.1" 404 Class /home/jeanchagas/general/uniritter/tcc/applications/controllers/resources.php does not exist
[2018-09-04 13:49:06]  "GET  route=resources/assets/img/hostweb.png HTTP/1.1" 404 Class /home/jeanchagas/general/uniritter/tcc/applications/controllers/resources.php does not exist
[2018-09-04 13:49:06]  "GET  route=resources/assets/img/hostweb.png HTTP/1.1" 404 Class /home/jeanchagas/general/uniritter/tcc/applications/controllers/resources.php does not exist
[2018-09-04 14:11:17]  "GET  route=joiasj HTTP/1.1" 404 Class /home/jeanchagas/general/uniritter/tcc/applications/controllers/joiasj.php does not exist
[2018-09-04 14:16:54]  "GET  route=index/logout HTTP/1.1" 404 Method logout does not exist
[2018-09-04 14:45:44]  "GET  route=index/logout HTTP/1.1" 404 Method logout does not exist
[2018-09-19 10:28:21]  "GET  route=favicon.ico HTTP/1.1" 404 Class /home/jeanchagas/general/uniritter/tcc/applications/controllers/favicon.ico.php does not exist
[2018-09-19 10:28:21]  "GET  route=favicon.ico HTTP/1.1" 404 Class /home/jeanchagas/general/uniritter/tcc/applications/controllers/favicon.ico.php does not exist
[2018-09-21 15:31:03]  "GET  route=favicon.ico HTTP/1.1" 404 Class /home/jeanchagas/general/uniritter/tcc/applications/controllers/favicon.ico.php does not exist
